app/build/intermediates/manifest_merge_blame_file/debug/manifest-merger-blame-debug-report.txt
1<?xml version="1.0" encoding="utf-8"?>
2<manifest xmlns:android="http://schemas.android.com/apk/res/android"
3    package="com.kkomi.assistant"
4    android:versionCode="1"
5    android:versionName="1.0.0" >
6
7    <uses-sdk
8        android:minSdkVersion="31"
8-->src/main/AndroidManifest.xml
9        android:targetSdkVersion="33" />
9-->src/main/AndroidManifest.xml
10
11    <!-- 음성 -->
12    <uses-permission android:name="android.permission.RECORD_AUDIO" />
12-->src/main/AndroidManifest.xml:6:5-71
12-->src/main/AndroidManifest.xml:6:22-68
13
14    <!-- 통신 -->
15    <uses-permission android:name="android.permission.CALL_PHONE" />
15-->src/main/AndroidManifest.xml:9:5-69
15-->src/main/AndroidManifest.xml:9:22-66
16    <uses-permission android:name="android.permission.SEND_SMS" />
16-->src/main/AndroidManifest.xml:10:5-67
16-->src/main/AndroidManifest.xml:10:22-64
17    <uses-permission android:name="android.permission.READ_CONTACTS" />
17-->src/main/AndroidManifest.xml:11:5-72
17-->src/main/AndroidManifest.xml:11:22-69
18
19    <!-- 시스템 제어 -->
20    <uses-permission android:name="android.permission.MODIFY_AUDIO_SETTINGS" />
20-->src/main/AndroidManifest.xml:14:5-80
20-->src/main/AndroidManifest.xml:14:22-77
21    <uses-permission android:name="android.permission.SCHEDULE_EXACT_ALARM" />
21-->src/main/AndroidManifest.xml:15:5-79
21-->src/main/AndroidManifest.xml:15:22-76
22    <uses-permission android:name="android.permission.WRITE_SETTINGS" />
22-->src/main/AndroidManifest.xml:16:5-73
22-->src/main/AndroidManifest.xml:16:22-70
23
24    <!-- 네트워크 -->
25    <uses-permission android:name="android.permission.INTERNET" />
25-->src/main/AndroidManifest.xml:19:5-67
25-->src/main/AndroidManifest.xml:19:22-64
26    <uses-permission android:name="android.permission.ACCESS_NETWORK_STATE" />
26-->src/main/AndroidManifest.xml:20:5-79
26-->src/main/AndroidManifest.xml:20:22-76
27
28    <!-- 배터리 -->
29    <uses-permission android:name="android.permission.BATTERY_STATS" />
29-->src/main/AndroidManifest.xml:23:5-72
29-->src/main/AndroidManifest.xml:23:22-69
30
31    <permission
31-->[androidx.core:core:1.9.0] AndroidManifest.xml:22:5-24:47
32        android:name="com.kkomi.assistant.DYNAMIC_RECEIVER_NOT_EXPORTED_PERMISSION"
32-->[androidx.core:core:1.9.0] AndroidManifest.xml:23:9-81
33        android:protectionLevel="signature" />
33-->[androidx.core:core:1.9.0] AndroidManifest.xml:24:9-44
34
35    <uses-permission android:name="com.kkomi.assistant.DYNAMIC_RECEIVER_NOT_EXPORTED_PERMISSION" />
35-->[androidx.core:core:1.9.0] AndroidManifest.xml:26:5-97
35-->[androidx.core:core:1.9.0] AndroidManifest.xml:26:22-94
36
37    <application
37-->src/main/AndroidManifest.xml:25:5-51:19
38        android:allowBackup="false"
38-->src/main/AndroidManifest.xml:26:9-36
39        android:appComponentFactory="androidx.core.app.CoreComponentFactory"
39-->[androidx.core:core:1.9.0] AndroidManifest.xml:28:18-86
40        android:dataExtractionRules="@xml/data_extraction_rules"
40-->src/main/AndroidManifest.xml:27:9-65
41        android:debuggable="true"
42        android:extractNativeLibs="false"
43        android:fullBackupContent="@xml/backup_rules"
43-->src/main/AndroidManifest.xml:28:9-54
44        android:icon="@mipmap/ic_launcher"
44-->src/main/AndroidManifest.xml:29:9-43
45        android:label="@string/app_name"
45-->src/main/AndroidManifest.xml:30:9-41
46        android:supportsRtl="true"
46-->src/main/AndroidManifest.xml:31:9-35
47        android:theme="@style/Theme.Kkomi"
47-->src/main/AndroidManifest.xml:32:9-43
48        android:usesCleartextTraffic="false" >
48-->src/main/AndroidManifest.xml:33:9-45
49        <activity
49-->src/main/AndroidManifest.xml:36:9-44:20
50            android:name="com.kkomi.assistant.MainActivity"
50-->src/main/AndroidManifest.xml:37:13-41
51            android:exported="true"
51-->src/main/AndroidManifest.xml:38:13-36
52            android:screenOrientation="portrait" >
52-->src/main/AndroidManifest.xml:39:13-49
53            <intent-filter>
53-->src/main/AndroidManifest.xml:40:13-43:29
54                <action android:name="android.intent.action.MAIN" />
54-->src/main/AndroidManifest.xml:41:17-69
54-->src/main/AndroidManifest.xml:41:25-66
55
56                <category android:name="android.intent.category.LAUNCHER" />
56-->src/main/AndroidManifest.xml:42:17-77
56-->src/main/AndroidManifest.xml:42:27-74
57            </intent-filter>
58        </activity>
59        <activity
59-->src/main/AndroidManifest.xml:46:9-49:52
60            android:name="com.kkomi.assistant.SettingsActivity"
60-->src/main/AndroidManifest.xml:47:13-45
61            android:exported="false"
61-->src/main/AndroidManifest.xml:48:13-37
62            android:screenOrientation="portrait" />
62-->src/main/AndroidManifest.xml:49:13-49
63
64        <provider
64-->[androidx.emoji2:emoji2:1.2.0] AndroidManifest.xml:24:9-32:20
65            android:name="androidx.startup.InitializationProvider"
65-->[androidx.emoji2:emoji2:1.2.0] AndroidManifest.xml:25:13-67
66            android:authorities="com.kkomi.assistant.androidx-startup"
66-->[androidx.emoji2:emoji2:1.2.0] AndroidManifest.xml:26:13-68
67            android:exported="false" >
67-->[androidx.emoji2:emoji2:1.2.0] AndroidManifest.xml:27:13-37
68            <meta-data
68-->[androidx.emoji2:emoji2:1.2.0] AndroidManifest.xml:29:13-31:52
69                android:name="androidx.emoji2.text.EmojiCompatInitializer"
69-->[androidx.emoji2:emoji2:1.2.0] AndroidManifest.xml:30:17-75
70                android:value="androidx.startup" />
70-->[androidx.emoji2:emoji2:1.2.0] AndroidManifest.xml:31:17-49
71            <meta-data
71-->[androidx.lifecycle:lifecycle-process:2.4.1] AndroidManifest.xml:31:13-33:52
72                android:name="androidx.lifecycle.ProcessLifecycleInitializer"
72-->[androidx.lifecycle:lifecycle-process:2.4.1] AndroidManifest.xml:32:17-78
73                android:value="androidx.startup" />
73-->[androidx.lifecycle:lifecycle-process:2.4.1] AndroidManifest.xml:33:17-49
74        </provider>
75    </application>
76
77</manifest>